[INFO] 2026-04-01T18:34:32.010Z - --- Logger Initialized ---
[INFO] 2026-04-01T18:36:42.983Z - [Observer] New Price Alert registered.
[INFO] 2026-04-01T18:38:15.655Z - [Subject] Price change detected for AG-101: 1500000 VND. Checking alerts...
[INFO] 2026-04-01T18:38:15.657Z - 📧 [EMAIL SENT] To: quan@test.com | Good news! Hotel AG-101 dropped to 1500000 VND!
[INFO] 2026-04-01T18:39:58.566Z - --- Logger Initialized ---
[INFO] 2026-04-02T09:59:00.970Z - --- Logger Initialized ---
[INFO] 2026-04-02T10:25:46.007Z - --- Logger Initialized ---
[INFO] 2026-04-02T10:26:07.189Z - --- Logger Initialized ---
[INFO] 2026-04-02T10:26:47.390Z - --- Logger Initialized ---
[INFO] 2026-04-02T10:28:54.181Z - --- Logger Initialized ---
[INFO] 2026-04-02T10:29:13.083Z - --- Logger Initialized ---
[INFO] 2026-04-02T10:31:45.727Z - --- Logger Initialized ---
[INFO] 2026-04-02T10:32:02.312Z - --- Logger Initialized ---
[INFO] 2026-04-02T10:32:30.628Z - --- Logger Initialized ---
[INFO] 2026-04-02T10:32:38.070Z - --- Logger Initialized ---
[INFO] 2026-04-02T10:33:06.013Z - --- Logger Initialized ---
[INFO] 2026-04-02T11:45:23.356Z - --- Logger Initialized ---
[INFO] 2026-04-04T04:08:48.871Z - --- Logger Initialized ---
[INFO] 2026-04-04T04:30:51.369Z - --- Logger Initialized ---
[INFO] 2026-04-04T04:31:05.905Z - --- Logger Initialized ---
[INFO] 2026-04-04T05:19:48.537Z - --- Logger Initialized ---
[INFO] 2026-04-04T05:20:21.662Z - --- Logger Initialized ---
[INFO] 2026-04-04T05:26:37.089Z - --- Logger Initialized ---
[INFO] 2026-04-04T06:00:28.574Z - --- Logger Initialized ---
[INFO] 2026-04-04T06:00:39.820Z - --- Logger Initialized ---
[INFO] 2026-04-04T06:00:50.263Z - --- Logger Initialized ---
[INFO] 2026-04-04T06:00:59.959Z - --- Logger Initialized ---
[INFO] 2026-04-04T06:01:26.536Z - --- Logger Initialized ---
[INFO] 2026-04-04T06:02:00.333Z - --- Logger Initialized ---
[INFO] 2026-04-04T06:02:05.399Z - --- Logger Initialized ---
[INFO] 2026-04-04T06:03:24.132Z - --- Logger Initialized ---
[INFO] 2026-04-04T06:04:18.069Z - --- Logger Initialized ---
[INFO] 2026-04-04T06:04:36.779Z - --- Logger Initialized ---
[INFO] 2026-04-04T06:04:42.432Z - --- Logger Initialized ---
[INFO] 2026-04-04T06:05:06.950Z - --- Logger Initialized ---
[INFO] 2026-04-04T06:05:13.433Z - --- Logger Initialized ---
[INFO] 2026-04-04T06:05:42.033Z - --- Logger Initialized ---
[INFO] 2026-04-04T06:06:27.507Z - --- Logger Initialized ---
[INFO] 2026-04-04T06:06:34.130Z - --- Logger Initialized ---
[INFO] 2026-04-04T06:06:49.311Z - --- Logger Initialized ---
[INFO] 2026-04-04T06:07:01.124Z - --- Logger Initialized ---
[INFO] 2026-04-04T06:07:07.462Z - --- Logger Initialized ---
[INFO] 2026-04-04T06:08:35.794Z - --- Logger Initialized ---
[INFO] 2026-04-04T06:10:54.724Z - --- Logger Initialized ---
[INFO] 2026-04-04T06:11:11.939Z - --- Logger Initialized ---
[INFO] 2026-04-04T06:11:24.702Z - --- Logger Initialized ---
[INFO] 2026-04-04T06:16:06.768Z - --- Logger Initialized ---
[INFO] 2026-04-04T06:16:17.242Z - --- Logger Initialized ---
[INFO] 2026-04-04T06:18:41.195Z - --- Logger Initialized ---
[INFO] 2026-04-04T06:18:52.419Z - --- Logger Initialized ---
[INFO] 2026-04-04T06:19:28.857Z - --- Logger Initialized ---
[INFO] 2026-04-04T06:21:20.054Z - [AFFILIATE TRACKING] Outbound click to Hotels.com | Hotel ID: HC-7220 | Price: 1352267 VND
[INFO] 2026-04-04T06:21:20.094Z - [AFFILIATE TRACKING] Outbound click to Hotels.com | Hotel ID: HC-7220 | Price: 1352267 VND
[INFO] 2026-04-04T06:21:56.891Z - [AFFILIATE TRACKING] Outbound click to Trip.com | Hotel ID: TRIP-5222 | Price: 1550000 VND
[INFO] 2026-04-04T06:21:56.938Z - [AFFILIATE TRACKING] Outbound click to Trip.com | Hotel ID: TRIP-5222 | Price: 1550000 VND
[INFO] 2026-04-04T06:28:56.185Z - --- Logger Initialized ---
[INFO] 2026-04-04T06:31:35.397Z - [AFFILIATE TRACKING] Outbound click to Expedia | Hotel ID: EXP-8277 | Price: 1075000 VND
[INFO] 2026-04-04T06:31:35.438Z - [AFFILIATE TRACKING] Outbound click to Expedia | Hotel ID: EXP-8277 | Price: 1075000 VND
[INFO] 2026-04-04T06:33:33.650Z - [AFFILIATE TRACKING] Outbound click to Agoda | Hotel ID: AG-1276 | Price: 2385215 VND
[INFO] 2026-04-04T06:33:33.711Z - [AFFILIATE TRACKING] Outbound click to Agoda | Hotel ID: AG-1276 | Price: 2385215 VND
[INFO] 2026-04-04T06:51:56.842Z - --- Logger Initialized ---
[INFO] 2026-04-04T06:52:45.699Z - --- Logger Initialized ---
[INFO] 2026-04-04T07:06:54.927Z - [AFFILIATE TRACKING] Outbound click to Expedia | Hotel ID: EXP-8017 | Price: 1075000 VND
[INFO] 2026-04-04T07:16:07.594Z - --- Logger Initialized ---
[INFO] 2026-04-04T07:21:36.614Z - --- Logger Initialized ---
[INFO] 2026-04-04T07:21:59.717Z - [AFFILIATE TRACKING] Outbound click to Agoda | Hotel ID: AG-1016 | Price: 1190397 VND
[INFO] 2026-04-04T07:24:40.940Z - [AFFILIATE TRACKING] Outbound click to Booking.com | Hotel ID: BK-3017 | Price: 4307430 VND
[INFO] 2026-04-04T07:29:27.029Z - [AFFILIATE TRACKING] Outbound click to Agoda | Hotel ID: AG-1016 | Price: 1190397 VND
[INFO] 2026-04-04T07:42:53.678Z - [Observer] New Price Alert registered.
[INFO] 2026-04-04T07:42:59.653Z - [Observer] New Price Alert registered.
[INFO] 2026-04-04T07:46:06.454Z - --- Logger Initialized ---
[INFO] 2026-04-04T07:46:35.007Z - --- Logger Initialized ---
[INFO] 2026-04-04T07:46:50.346Z - --- Logger Initialized ---
[INFO] 2026-04-04T07:47:12.342Z - --- Logger Initialized ---
[INFO] 2026-04-04T07:47:27.933Z - [Observer] New Price Alert registered.
[INFO] 2026-04-04T07:48:49.936Z - [Observer] New Price Alert registered.
